0 info it worked if it ends with ok
1 verbose cli [ 'C:\\Program Files\\nodejs\\node.exe',
1 verbose cli   'C:\\Program Files\\nodejs\\node_modules\\npm\\bin\\npm-cli.js',
1 verbose cli   'install',
1 verbose cli   'doT',
1 verbose cli   '--registry=http://registry.npm.corp.qunar.com' ]
2 info using npm@3.8.9
3 info using node@v6.2.0
4 silly loadCurrentTree Starting
5 silly install loadCurrentTree
6 silly install readLocalPackageData
7 silly fetchPackageMetaData doT
8 silly fetchNamedPackageData doT
9 silly mapToRegistry name doT
10 silly mapToRegistry using default registry
11 silly mapToRegistry registry http://registry.npm.corp.qunar.com/
12 silly mapToRegistry data Result {
12 silly mapToRegistry   raw: 'doT',
12 silly mapToRegistry   scope: null,
12 silly mapToRegistry   name: 'doT',
12 silly mapToRegistry   rawSpec: '',
12 silly mapToRegistry   spec: 'latest',
12 silly mapToRegistry   type: 'tag' }
13 silly mapToRegistry uri http://registry.npm.corp.qunar.com/doT
14 verbose request uri http://registry.npm.corp.qunar.com/doT
15 verbose request no auth needed
16 info attempt registry request try #1 at 15:55:40
17 verbose request id 7e652ee8fe17eb94
18 http request GET http://registry.npm.corp.qunar.com/doT
19 http 404 http://registry.npm.corp.qunar.com/doT
20 verbose headers { 'content-type': 'application/json',
20 verbose headers   'cache-control': 'max-age=0',
20 verbose headers   'content-length': '2',
20 verbose headers   'accept-ranges': 'bytes',
20 verbose headers   date: 'Tue, 07 Feb 2017 07:55:43 GMT',
20 verbose headers   via: '1.1 varnish',
20 verbose headers   age: '0',
20 verbose headers   connection: 'close',
20 verbose headers   'x-served-by': 'cache-nrt6125-NRT',
20 verbose headers   'x-cache': 'MISS',
20 verbose headers   'x-cache-hits': '0',
20 verbose headers   'x-timer': 'S1486454142.302784,VS0,VE816',
20 verbose headers   vary: 'Accept-Encoding' }
21 silly get cb [ 304, undefined ]
22 verbose get saving undefined to C:\Users\jichuan.feng\AppData\Roaming\npm-cache\registry.npm.corp.qunar.com\doT\.cache.json
23 verbose correctMkdir C:\Users\jichuan.feng\AppData\Roaming\npm-cache correctMkdir not in flight; initializing
24 verbose stack TypeError: Cannot convert undefined or null to object
24 verbose stack     at pickVersionFromRegistryDocument (C:\Program Files\nodejs\node_modules\npm\lib\fetch-package-metadata.js:122:29)
24 verbose stack     at C:\Program Files\nodejs\node_modules\npm\node_modules\iferr\index.js:13:50
24 verbose stack     at C:\Program Files\nodejs\node_modules\npm\lib\utils\pulse-till-done.js:19:8
24 verbose stack     at saved (C:\Program Files\nodejs\node_modules\npm\lib\cache\caching-client.js:168:7)
24 verbose stack     at C:\Program Files\nodejs\node_modules\npm\node_modules\graceful-fs\polyfills.js:210:7
24 verbose stack     at FSReqWrap.oncomplete (fs.js:117:15)
25 verbose cwd E:\www\febuild
26 error Windows_NT 6.1.7601
27 error argv "C:\\Program Files\\nodejs\\node.exe" "C:\\Program Files\\nodejs\\node_modules\\npm\\bin\\npm-cli.js" "install" "doT" "--registry=http://registry.npm.corp.qunar.com"
28 error node v6.2.0
29 error npm  v3.8.9
30 error Cannot convert undefined or null to object
31 error If you need help, you may report this error at:
31 error     <https://github.com/npm/npm/issues>
32 verbose exit [ 1, true ]
